<?xml version="1.0" encoding="UTF-8"?>
<testsuite xmlns:xsi="http://www.w3.org/2001/XMLSchema-instance" xsi:noNamespaceSchemaLocation="https://maven.apache.org/surefire/maven-surefire-plugin/xsd/surefire-test-report-3.0.xsd" version="3.0" name="com.epam.DivisionTest" time="0.006" tests="3" errors="0" skipped="0" failures="0">
  <properties>
[...]
</properties>
  <testcase name="testDividePositiveAndNegativeNumbers" classname="com.epam.DivisionTest" time="0.001">
    <system-out><![CDATA[Calculator instance created for DivisionTest
]]></system-out>
  </testcase>
  <testcase name="testDividePositiveNumbers" classname="com.epam.DivisionTest" time="0.001"/>
  <testcase name="testDivideNegativeNumbers" classname="com.epam.DivisionTest" time="0.001"/>
</testsuite>